Namespace(align_suffix=None, alignfile=None, all_gather_list_size=16384, bpe=None, cpu=False, criterion='cross_entropy', dataset_impl='mmap', destdir='C:/Users/under/GitHub/On-the-Curse-of-Sentence-Length/data-bin/europarl-v7.fr-en.reduced', empty_cache_freq=0, fp16=False, fp16_init_scale=128, fp16_no_flatten_grads=False, fp16_scale_tolerance=0.0, fp16_scale_window=None, joined_dictionary=False, log_format=None, log_interval=100, lr_scheduler='fixed', memory_efficient_fp16=False, min_loss_scale=0.0001, no_progress_bar=False, nwordssrc=-1, nwordstgt=-1, only_source=False, optimizer='nag', padding_factor=8, seed=1, source_lang='en', srcdict='C:/Users/under/GitHub/On-the-Curse-of-Sentence-Length/data-bin/wmt14.en-fr.fconv-py/dict.en.txt', target_lang='fr', task='translation', tensorboard_logdir='', testpref='test', tgtdict='C:/Users/under/GitHub/On-the-Curse-of-Sentence-Length/data-bin/wmt14.en-fr.fconv-py/dict.fr.txt', threshold_loss_scale=None, thresholdsrc=0, thresholdtgt=0, tokenizer='moses', trainpref='train', user_dir=None, validpref='val', workers=8)
[en] Dictionary: 43770 types
[en] train.en: 39928 sents, 1031000 tokens, 12.8% replaced by <unk>
[en] Dictionary: 43770 types
[en] val.en: 13688 sents, 354615 tokens, 12.8% replaced by <unk>
[en] Dictionary: 43770 types
[en] test.en: 13688 sents, 354615 tokens, 12.8% replaced by <unk>
[fr] Dictionary: 43806 types
[fr] train.fr: 35452 sents, 960821 tokens, 18.1% replaced by <unk>
[fr] Dictionary: 43806 types
[fr] val.fr: 11544 sents, 312231 tokens, 18.1% replaced by <unk>
[fr] Dictionary: 43806 types
[fr] test.fr: 11544 sents, 312231 tokens, 18.1% replaced by <unk>
Wrote preprocessed data to C:/Users/under/GitHub/On-the-Curse-of-Sentence-Length/data-bin/europarl-v7.fr-en.reduced
Namespace(align_suffix=None, alignfile=None, all_gather_list_size=16384, bpe='subword_nmt', cpu=False, criterion='cross_entropy', dataset_impl='mmap', destdir='C:/Users/under/GitHub/On-the-Curse-of-Sentence-Length/data-bin/europarl-v7.fr-en.reduced', empty_cache_freq=0, fp16=False, fp16_init_scale=128, fp16_no_flatten_grads=False, fp16_scale_tolerance=0.0, fp16_scale_window=None, joined_dictionary=False, log_format=None, log_interval=100, lr_scheduler='fixed', memory_efficient_fp16=False, min_loss_scale=0.0001, no_progress_bar=False, nwordssrc=-1, nwordstgt=-1, only_source=False, optimizer='nag', padding_factor=8, seed=1, source_lang='en', srcdict='C:/Users/under/GitHub/On-the-Curse-of-Sentence-Length/data-bin/wmt14.en-fr.fconv-py/dict.en.txt', target_lang='fr', task='translation', tensorboard_logdir='', testpref='test', tgtdict='C:/Users/under/GitHub/On-the-Curse-of-Sentence-Length/data-bin/wmt14.en-fr.fconv-py/dict.fr.txt', threshold_loss_scale=None, thresholdsrc=0, thresholdtgt=0, tokenizer='moses', trainpref='train', user_dir=None, validpref='val', workers=8)
[en] Dictionary: 43770 types
[en] train.en: 31623 sents, 821858 tokens, 12.8% replaced by <unk>
[en] Dictionary: 43770 types
[en] val.en: 24153 sents, 626652 tokens, 12.8% replaced by <unk>
[en] Dictionary: 43770 types
[en] test.en: 24153 sents, 626652 tokens, 12.8% replaced by <unk>
[fr] Dictionary: 43806 types
[fr] train.fr: 40158 sents, 1090852 tokens, 18.1% replaced by <unk>
[fr] Dictionary: 43806 types
[fr] val.fr: 21752 sents, 589972 tokens, 18.1% replaced by <unk>
[fr] Dictionary: 43806 types
[fr] test.fr: 21752 sents, 589972 tokens, 18.1% replaced by <unk>
Wrote preprocessed data to C:/Users/under/GitHub/On-the-Curse-of-Sentence-Length/data-bin/europarl-v7.fr-en.reduced
Namespace(align_suffix=None, alignfile=None, all_gather_list_size=16384, bpe=None, cpu=False, criterion='cross_entropy', dataset_impl='mmap', destdir='C:/Users/under/GitHub/On-the-Curse-of-Sentence-Length/data-bin/europarl-v7.fr-en.reduced', empty_cache_freq=0, fp16=False, fp16_init_scale=128, fp16_no_flatten_grads=False, fp16_scale_tolerance=0.0, fp16_scale_window=None, joined_dictionary=False, log_format=None, log_interval=100, lr_scheduler='fixed', memory_efficient_fp16=False, min_loss_scale=0.0001, no_progress_bar=False, nwordssrc=-1, nwordstgt=-1, only_source=False, optimizer='nag', padding_factor=8, seed=1, source_lang='en', srcdict='C:/Users/under/GitHub/On-the-Curse-of-Sentence-Length/data-bin/wmt14.en-fr.fconv-py/dict.en.txt', target_lang='fr', task='translation', tensorboard_logdir='', testpref='test', tgtdict='C:/Users/under/GitHub/On-the-Curse-of-Sentence-Length/data-bin/wmt14.en-fr.fconv-py/dict.fr.txt', threshold_loss_scale=None, thresholdsrc=0, thresholdtgt=0, tokenizer='moses', trainpref='train', user_dir=None, validpref='val', workers=8)
[en] Dictionary: 43770 types
Namespace(align_suffix=None, alignfile=None, all_gather_list_size=16384, bpe=None, cpu=False, criterion='cross_entropy', dataset_impl='mmap', destdir='C:/Users/under/GitHub/On-the-Curse-of-Sentence-Length/data-bin/europarl-v7.fr-en.reduced', empty_cache_freq=0, fp16=False, fp16_init_scale=128, fp16_no_flatten_grads=False, fp16_scale_tolerance=0.0, fp16_scale_window=None, joined_dictionary=False, log_format=None, log_interval=100, lr_scheduler='fixed', memory_efficient_fp16=False, min_loss_scale=0.0001, no_progress_bar=False, nwordssrc=-1, nwordstgt=-1, only_source=False, optimizer='nag', padding_factor=8, seed=1, source_lang='en', srcdict='C:/Users/under/GitHub/On-the-Curse-of-Sentence-Length/data-bin/wmt14.en-fr.fconv-py/dict.en.txt', target_lang='fr', task='translation', tensorboard_logdir='', testpref='test', tgtdict='C:/Users/under/GitHub/On-the-Curse-of-Sentence-Length/data-bin/wmt14.en-fr.fconv-py/dict.fr.txt', threshold_loss_scale=None, thresholdsrc=0, thresholdtgt=0, tokenizer='moses', trainpref='train', user_dir=None, validpref='val', workers=8)
[en] Dictionary: 43770 types
[en] train.en: 48305 sents, 1260449 tokens, 12.8% replaced by <unk>
[en] Dictionary: 43770 types
[en] val.en: 17585 sents, 459670 tokens, 12.8% replaced by <unk>
[en] Dictionary: 43770 types
[en] test.en: 24737 sents, 641565 tokens, 12.8% replaced by <unk>
[fr] Dictionary: 43806 types
[fr] train.fr: 38389 sents, 1045147 tokens, 18.1% replaced by <unk>
[fr] Dictionary: 43806 types
[fr] val.fr: 16913 sents, 461796 tokens, 18.1% replaced by <unk>
[fr] Dictionary: 43806 types
[fr] test.fr: 22296 sents, 603926 tokens, 18.2% replaced by <unk>
Wrote preprocessed data to C:/Users/under/GitHub/On-the-Curse-of-Sentence-Length/data-bin/europarl-v7.fr-en.reduced
Namespace(align_suffix=None, alignfile=None, all_gather_list_size=16384, bpe=None, cpu=False, criterion='cross_entropy', dataset_impl='mmap', destdir='C:/Users/under/GitHub/On-the-Curse-of-Sentence-Length/data-bin/europarl-v7.fr-en.reduced', empty_cache_freq=0, fp16=False, fp16_init_scale=128, fp16_no_flatten_grads=False, fp16_scale_tolerance=0.0, fp16_scale_window=None, joined_dictionary=False, log_format=None, log_interval=100, lr_scheduler='fixed', memory_efficient_fp16=False, min_loss_scale=0.0001, no_progress_bar=False, nwordssrc=-1, nwordstgt=-1, only_source=False, optimizer='nag', padding_factor=8, seed=1, source_lang='en', srcdict='C:/Users/under/GitHub/On-the-Curse-of-Sentence-Length/data-bin/wmt14.en-fr.fconv-py/dict.en.txt', target_lang='fr', task='translation', tensorboard_logdir='', testpref='test', tgtdict='C:/Users/under/GitHub/On-the-Curse-of-Sentence-Length/data-bin/wmt14.en-fr.fconv-py/dict.fr.txt', threshold_loss_scale=None, thresholdsrc=0, thresholdtgt=0, tokenizer='moses', trainpref='train', user_dir=None, validpref='val', workers=8)
[en] Dictionary: 43770 types
Namespace(align_suffix=None, alignfile=None, all_gather_list_size=16384, bpe=None, cpu=False, criterion='cross_entropy', dataset_impl='mmap', destdir='C:/Users/under/GitHub/On-the-Curse-of-Sentence-Length/data-bin/europarl-v7.fr-en.reduced', empty_cache_freq=0, fp16=False, fp16_init_scale=128, fp16_no_flatten_grads=False, fp16_scale_tolerance=0.0, fp16_scale_window=None, joined_dictionary=False, log_format=None, log_interval=100, lr_scheduler='fixed', memory_efficient_fp16=False, min_loss_scale=0.0001, no_progress_bar=False, nwordssrc=-1, nwordstgt=-1, only_source=False, optimizer='nag', padding_factor=8, seed=1, source_lang='en', srcdict='C:/Users/under/GitHub/On-the-Curse-of-Sentence-Length/data-bin/wmt14.en-fr.fconv-py/dict.en.txt', target_lang='fr', task='translation', tensorboard_logdir='', testpref='test', tgtdict='C:/Users/under/GitHub/On-the-Curse-of-Sentence-Length/data-bin/wmt14.en-fr.fconv-py/dict.fr.txt', threshold_loss_scale=None, thresholdsrc=0, thresholdtgt=0, tokenizer='moses', trainpref='train', user_dir=None, validpref='val', workers=8)
[en] Dictionary: 43770 types
[en] train.en: 45857 sents, 1191155 tokens, 12.7% replaced by <unk>
[en] Dictionary: 43770 types
[en] val.en: 24246 sents, 629689 tokens, 12.8% replaced by <unk>
[en] Dictionary: 43770 types
[en] test.en: 16400 sents, 425860 tokens, 12.8% replaced by <unk>
[fr] Dictionary: 43806 types
[fr] train.fr: 34104 sents, 924634 tokens, 18.1% replaced by <unk>
[fr] Dictionary: 43806 types
[fr] val.fr: 16096 sents, 434582 tokens, 18.1% replaced by <unk>
[fr] Dictionary: 43806 types
[fr] test.fr: 13439 sents, 365621 tokens, 18.1% replaced by <unk>
Wrote preprocessed data to C:/Users/under/GitHub/On-the-Curse-of-Sentence-Length/data-bin/europarl-v7.fr-en.reduced
Namespace(align_suffix=None, alignfile=None, all_gather_list_size=16384, bpe=None, cpu=False, criterion='cross_entropy', dataset_impl='mmap', destdir='C:/Users/under/GitHub/On-the-Curse-of-Sentence-Length/data-bin/europarl-v7.fr-en.reduced', empty_cache_freq=0, fp16=False, fp16_init_scale=128, fp16_no_flatten_grads=False, fp16_scale_tolerance=0.0, fp16_scale_window=None, joined_dictionary=False, log_format=None, log_interval=100, lr_scheduler='fixed', memory_efficient_fp16=False, min_loss_scale=0.0001, no_progress_bar=False, nwordssrc=-1, nwordstgt=-1, only_source=False, optimizer='nag', padding_factor=8, seed=1, source_lang='en', srcdict='C:/Users/under/GitHub/On-the-Curse-of-Sentence-Length/data-bin/wmt14.en-fr.fconv-py/dict.en.txt', target_lang='fr', task='translation', tensorboard_logdir='', testpref='test', tgtdict='C:/Users/under/GitHub/On-the-Curse-of-Sentence-Length/data-bin/wmt14.en-fr.fconv-py/dict.fr.txt', threshold_loss_scale=None, thresholdsrc=0, thresholdtgt=0, tokenizer=None, trainpref='train', user_dir=None, validpref='val', workers=8)
[en] Dictionary: 43770 types
[en] train.en: 45857 sents, 1191155 tokens, 12.7% replaced by <unk>
[en] Dictionary: 43770 types
[en] val.en: 24246 sents, 629689 tokens, 12.8% replaced by <unk>
[en] Dictionary: 43770 types
[en] test.en: 16400 sents, 425860 tokens, 12.8% replaced by <unk>
[fr] Dictionary: 43806 types
[fr] train.fr: 34104 sents, 924634 tokens, 18.1% replaced by <unk>
[fr] Dictionary: 43806 types
[fr] val.fr: 16096 sents, 434582 tokens, 18.1% replaced by <unk>
[fr] Dictionary: 43806 types
[fr] test.fr: 13439 sents, 365621 tokens, 18.1% replaced by <unk>
Wrote preprocessed data to C:/Users/under/GitHub/On-the-Curse-of-Sentence-Length/data-bin/europarl-v7.fr-en.reduced
Namespace(align_suffix=None, alignfile=None, all_gather_list_size=16384, bpe=None, cpu=False, criterion='cross_entropy', dataset_impl='mmap', destdir='C:/Users/under/GitHub/On-the-Curse-of-Sentence-Length/data-bin/europarl-v7.fr-en.reduced', empty_cache_freq=0, fp16=False, fp16_init_scale=128, fp16_no_flatten_grads=False, fp16_scale_tolerance=0.0, fp16_scale_window=None, joined_dictionary=False, log_format=None, log_interval=100, lr_scheduler='fixed', memory_efficient_fp16=False, min_loss_scale=0.0001, no_progress_bar=False, nwordssrc=-1, nwordstgt=-1, only_source=False, optimizer='nag', padding_factor=8, seed=1, source_lang='en', srcdict='C:/Users/under/GitHub/On-the-Curse-of-Sentence-Length/data-bin/wmt14.en-fr.fconv-py/dict.en.txt', target_lang='fr', task='translation', tensorboard_logdir='', testpref='test', tgtdict='C:/Users/under/GitHub/On-the-Curse-of-Sentence-Length/data-bin/wmt14.en-fr.fconv-py/dict.fr.txt', threshold_loss_scale=None, thresholdsrc=0, thresholdtgt=0, tokenizer='space', trainpref='train', user_dir=None, validpref='val', workers=8)
[en] Dictionary: 43770 types
[en] train.en: 45857 sents, 1191155 tokens, 12.7% replaced by <unk>
[en] Dictionary: 43770 types
[en] val.en: 24246 sents, 629689 tokens, 12.8% replaced by <unk>
[en] Dictionary: 43770 types
[en] test.en: 16400 sents, 425860 tokens, 12.8% replaced by <unk>
[fr] Dictionary: 43806 types
[fr] train.fr: 34104 sents, 924634 tokens, 18.1% replaced by <unk>
[fr] Dictionary: 43806 types
[fr] val.fr: 16096 sents, 434582 tokens, 18.1% replaced by <unk>
[fr] Dictionary: 43806 types
[fr] test.fr: 13439 sents, 365621 tokens, 18.1% replaced by <unk>
Wrote preprocessed data to C:/Users/under/GitHub/On-the-Curse-of-Sentence-Length/data-bin/europarl-v7.fr-en.reduced
Namespace(align_suffix=None, alignfile=None, all_gather_list_size=16384, bpe=None, cpu=False, criterion='cross_entropy', dataset_impl='mmap', destdir='C:/Users/under/GitHub/On-the-Curse-of-Sentence-Length/data-bin/europarl-v7.fr-en.reduced', empty_cache_freq=0, fp16=False, fp16_init_scale=128, fp16_no_flatten_grads=False, fp16_scale_tolerance=0.0, fp16_scale_window=None, joined_dictionary=False, log_format=None, log_interval=100, lr_scheduler='fixed', memory_efficient_fp16=False, min_loss_scale=0.0001, no_progress_bar=False, nwordssrc=-1, nwordstgt=-1, only_source=False, optimizer='nag', padding_factor=8, seed=1, source_lang='en', srcdict='C:/Users/under/GitHub/On-the-Curse-of-Sentence-Length/data-bin/wmt14.en-fr.fconv-py/dict.en.txt', target_lang='fr', task='translation', tensorboard_logdir='', testpref='test', tgtdict='C:/Users/under/GitHub/On-the-Curse-of-Sentence-Length/data-bin/wmt14.en-fr.fconv-py/dict.fr.txt', threshold_loss_scale=None, thresholdsrc=0, thresholdtgt=0, tokenizer='space', trainpref='train', user_dir=None, validpref='val', workers=8)
[en] Dictionary: 43770 types
[en] train.en: 140540 sents, 3665333 tokens, 12.8% replaced by <unk>
[en] Dictionary: 43770 types
[en] val.en: 30116 sents, 784718 tokens, 12.8% replaced by <unk>
[en] Dictionary: 43770 types
[en] test.en: 30116 sents, 782440 tokens, 12.7% replaced by <unk>
[fr] Dictionary: 43806 types
[fr] train.fr: 140540 sents, 3825592 tokens, 18.1% replaced by <unk>
[fr] Dictionary: 43806 types
[fr] val.fr: 30116 sents, 819510 tokens, 18.1% replaced by <unk>
[fr] Dictionary: 43806 types
[fr] test.fr: 30116 sents, 816988 tokens, 18.1% replaced by <unk>
Wrote preprocessed data to C:/Users/under/GitHub/On-the-Curse-of-Sentence-Length/data-bin/europarl-v7.fr-en.reduced
Namespace(align_suffix=None, alignfile=None, all_gather_list_size=16384, bpe='subword_nmt', cpu=False, criterion='cross_entropy', dataset_impl='mmap', destdir='C:/Users/under/GitHub/On-the-Curse-of-Sentence-Length/data-bin/europarl-v7.fr-en.reduced', empty_cache_freq=0, fp16=False, fp16_init_scale=128, fp16_no_flatten_grads=False, fp16_scale_tolerance=0.0, fp16_scale_window=None, joined_dictionary=False, log_format=None, log_interval=100, lr_scheduler='fixed', memory_efficient_fp16=False, min_loss_scale=0.0001, no_progress_bar=False, nwordssrc=-1, nwordstgt=-1, only_source=False, optimizer='nag', padding_factor=8, seed=1, source_lang='en', srcdict='C:/Users/under/GitHub/On-the-Curse-of-Sentence-Length/data-bin/wmt14.en-fr.fconv-py/dict.en.txt', target_lang='fr', task='translation', tensorboard_logdir='', testpref='test', tgtdict='C:/Users/under/GitHub/On-the-Curse-of-Sentence-Length/data-bin/wmt14.en-fr.fconv-py/dict.fr.txt', threshold_loss_scale=None, thresholdsrc=0, thresholdtgt=0, tokenizer='moses', trainpref='train', user_dir=None, validpref='val', workers=8)
[en] Dictionary: 43770 types
[en] train.en: 140540 sents, 3665333 tokens, 12.8% replaced by <unk>
[en] Dictionary: 43770 types
[en] val.en: 30116 sents, 784718 tokens, 12.8% replaced by <unk>
[en] Dictionary: 43770 types
[en] test.en: 30116 sents, 782440 tokens, 12.7% replaced by <unk>
[fr] Dictionary: 43806 types
[fr] train.fr: 140540 sents, 3825592 tokens, 18.1% replaced by <unk>
[fr] Dictionary: 43806 types
[fr] val.fr: 30116 sents, 819510 tokens, 18.1% replaced by <unk>
[fr] Dictionary: 43806 types
[fr] test.fr: 30116 sents, 816988 tokens, 18.1% replaced by <unk>
Wrote preprocessed data to C:/Users/under/GitHub/On-the-Curse-of-Sentence-Length/data-bin/europarl-v7.fr-en.reduced
